[2014-08-26 11:48:42] START
[2014-08-26 11:50:08] EDIT rpy2_demo/models/menu.py: -105
[2014-08-26 11:51:28] EDIT rpy2_demo/views/default/index.html: -28
[2014-08-26 11:51:35] EDIT rpy2_demo/views/default/index.html: 1
[2014-08-26 11:52:05] EDIT rpy2_demo/views/default/index.html: 5
[2014-08-26 11:53:31] EDIT rpy2_demo/controllers/default.py: 1
[2014-08-26 11:54:02] EDIT rpy2_demo/controllers/default.py: 0
[2014-08-26 11:55:03] EDIT rpy2_demo/models/menu.py: 0
[2014-08-26 11:55:19] EDIT rpy2_demo/models/menu.py: 0
[2014-08-26 11:56:12] EDIT rpy2_demo/models/menu.py: 0
[2014-08-26 11:56:44] EDIT rpy2_demo/models/menu.py: 0
[2014-08-26 11:58:01] EDIT rpy2_demo/models/menu.py: 1
[2014-08-26 11:59:13] EDIT rpy2_demo/models/menu.py: 1
[2014-08-26 12:00:18] EDIT rpy2_demo/ABOUT: 1
[2014-08-26 12:01:26] CREATE default/about.html: 0
[2014-08-26 12:02:08] EDIT rpy2_demo/views/default/about.html: 0
[2014-08-26 12:03:05] EDIT rpy2_demo/controllers/default.py: 5
[2014-08-26 12:03:49] EDIT rpy2_demo/views/default/about.html: 0
[2014-08-26 12:04:07] EDIT rpy2_demo/views/default/about.html: -1
[2014-08-26 12:04:56] EDIT rpy2_demo/views/default/about.html: 5
[2014-08-26 12:05:41] EDIT rpy2_demo/views/default/about.html: -2
[2014-08-26 12:07:20] EDIT rpy2_demo/views/default/about.html: 0
[2014-08-26 12:09:20] EDIT rpy2_demo/views/default/about.html: 0
[2014-08-26 12:11:07] EDIT rpy2_demo/views/default/about.html: 0
[2014-08-26 12:11:28] EDIT rpy2_demo/views/default/about.html: 0
[2014-08-26 12:11:45] EDIT rpy2_demo/views/default/about.html: 0
[2014-08-26 12:12:08] EDIT rpy2_demo/views/default/about.html: 0
[2014-08-26 12:12:27] EDIT rpy2_demo/views/default/about.html: 0
[2014-08-26 12:12:44] EDIT rpy2_demo/views/default/about.html: 0
